# JRE version: OpenJDK Runtime Environment (8.0_76-b03) (build 1.8.0_76-release-b03)
# Java VM: OpenJDK 64-Bit Server VM (25.76-b03 mixed mode windows-amd64 compressed oops)
Heap:
 PSYoungGen      total 232960K, used 95267K [0x00000000eab00000, 0x0000000100000000, 0x0000000100000000)
  eden space 116736K, 81% used [0x00000000eab00000,0x00000000f0808d18,0x00000000f1d00000)
  from space 116224K, 0% used [0x00000000f8e80000,0x00000000f8e80000,0x0000000100000000)
  to   space 116224K, 0% used [0x00000000f1d00000,0x00000000f1d00000,0x00000000f8e80000)
 ParOldGen       total 699392K, used 651618K [0x00000000c0000000, 0x00000000eab00000, 0x00000000eab00000)
  object space 699392K, 93% used [0x00000000c0000000,0x00000000e7c58860,0x00000000eab00000)
 Metaspace       used 22999K, capacity 23102K, committed 23424K, reserved 1069056K
  class space    used 2756K, capacity 2815K, committed 2944K, reserved 1048576K
GC Heap History (10 events):
Event: 187.386 GC heap before
{Heap before GC invocations=98 (full 54):
 PSYoungGen      total 230400K, used 228544K [0x00000000eab00000, 0x0000000100000000, 0x0000000100000000)
  eden space 117760K, 100% used [0x00000000eab00000,0x00000000f1e00000,0x00000000f1e00000)
  from space 112640K, 98% used [0x00000000f1e00000,0x00000000f8a30000,0x00000000f8c00000)
  to   space 116224K, 0% used [0x00000000f8e80000,0x00000000f8e80000,0x0000000100000000)
 ParOldGen       total 699392K, used 633388K [0x00000000c0000000, 0x00000000eab00000, 0x00000000eab00000)
  object space 699392K, 90% used [0x00000000c0000000,0x00000000e6a8b3e8,0x00000000eab00000)
 Metaspace       used 22985K, capacity 23102K, committed 23424K, reserved 1069056K
  class space    used 2756K, capacity 2815K, committed 2944K, reserved 1048576K
Event: 188.225 GC heap after
Heap after GC invocations=98 (full 54):
 PSYoungGen      total 232960K, used 111544K [0x00000000eab00000, 0x0000000100000000, 0x0000000100000000)
  eden space 116736K, 0% used [0x00000000eab00000,0x00000000eab00000,0x00000000f1d00000)
  from space 116224K, 95% used [0x00000000f8e80000,0x00000000ffb6e1a8,0x0000000100000000)
  to   space 116224K, 0% used [0x00000000f1d00000,0x00000000f1d00000,0x00000000f8e80000)
 ParOldGen       total 699392K, used 668524K [0x00000000c0000000, 0x00000000eab00000, 0x00000000eab00000)
  object space 699392K, 95% used [0x00000000c0000000,0x00000000e8cdb3e8,0x00000000eab00000)
 Metaspace       used 22985K, capacity 23102K, committed 23424K, reserved 1069056K
  class space    used 2756K, capacity 2815K, committed 2944K, reserved 1048576K
}
Event: 188.225 GC heap before
{Heap before GC invocations=99 (full 55):
 PSYoungGen      total 232960K, used 111544K [0x00000000eab00000, 0x0000000100000000, 0x0000000100000000)
  eden space 116736K, 0% used [0x00000000eab00000,0x00000000eab00000,0x00000000f1d00000)
  from space 116224K, 95% used [0x00000000f8e80000,0x00000000ffb6e1a8,0x0000000100000000)
  to   space 116224K, 0% used [0x00000000f1d00000,0x00000000f1d00000,0x00000000f8e80000)
 ParOldGen       total 699392K, used 668524K [0x00000000c0000000, 0x00000000eab00000, 0x00000000eab00000)
  object space 699392K, 95% used [0x00000000c0000000,0x00000000e8cdb3e8,0x00000000eab00000)
 Metaspace       used 22985K, capacity 23102K, committed 23424K, reserved 1069056K
  class space    used 2756K, capacity 2815K, committed 2944K, reserved 1048576K
Event: 194.174 GC heap after
Heap after GC invocations=99 (full 55):
 PSYoungGen      total 232960K, used 0K [0x00000000eab00000, 0x0000000100000000, 0x0000000100000000)
  eden space 116736K, 0% used [0x00000000eab00000,0x00000000eab00000,0x00000000f1d00000)
  from space 116224K, 0% used [0x00000000f8e80000,0x00000000f8e80000,0x0000000100000000)
  to   space 116224K, 0% used [0x00000000f1d00000,0x00000000f1d00000,0x00000000f8e80000)
 ParOldGen       total 699392K, used 652559K [0x00000000c0000000, 0x00000000eab00000, 0x00000000eab00000)
  object space 699392K, 93% used [0x00000000c0000000,0x00000000e7d43d20,0x00000000eab00000)
 Metaspace       used 22985K, capacity 23102K, committed 23424K, reserved 1069056K
  class space    used 2756K, capacity 2815K, committed 2944K, reserved 1048576K
}
Event: 194.827 GC heap before
{Heap before GC invocations=100 (full 56):
 PSYoungGen      total 232960K, used 116736K [0x00000000eab00000, 0x0000000100000000, 0x0000000100000000)
  eden space 116736K, 100% used [0x00000000eab00000,0x00000000f1d00000,0x00000000f1d00000)
  from space 116224K, 0% used [0x00000000f8e80000,0x00000000f8e80000,0x0000000100000000)
  to   space 116224K, 0% used [0x00000000f1d00000,0x00000000f1d00000,0x00000000f8e80000)
 ParOldGen       total 699392K, used 652559K [0x00000000c0000000, 0x00000000eab00000, 0x00000000eab00000)
  object space 699392K, 93% used [0x00000000c0000000,0x00000000e7d43d20,0x00000000eab00000)
 Metaspace       used 22986K, capacity 23102K, committed 23424K, reserved 1069056K
  class space    used 2756K, capacity 2815K, committed 2944K, reserved 1048576K
Event: 200.717 GC heap after
Heap after GC invocations=100 (full 56):
 PSYoungGen      total 232960K, used 0K [0x00000000eab00000, 0x0000000100000000, 0x0000000100000000)
  eden space 116736K, 0% used [0x00000000eab00000,0x00000000eab00000,0x00000000f1d00000)
  from space 116224K, 0% used [0x00000000f8e80000,0x00000000f8e80000,0x0000000100000000)
  to   space 116224K, 0% used [0x00000000f1d00000,0x00000000f1d00000,0x00000000f8e80000)
 ParOldGen       total 699392K, used 647469K [0x00000000c0000000, 0x00000000eab00000, 0x00000000eab00000)
  object space 699392K, 92% used [0x00000000c0000000,0x00000000e784b668,0x00000000eab00000)
 Metaspace       used 22986K, capacity 23102K, committed 23424K, reserved 1069056K
  class space    used 2756K, capacity 2815K, committed 2944K, reserved 1048576K
}
Event: 200.894 GC heap before
{Heap before GC invocations=101 (full 57):
 PSYoungGen      total 232960K, used 116736K [0x00000000eab00000, 0x0000000100000000, 0x0000000100000000)
  eden space 116736K, 100% used [0x00000000eab00000,0x00000000f1d00000,0x00000000f1d00000)
  from space 116224K, 0% used [0x00000000f8e80000,0x00000000f8e80000,0x0000000100000000)
  to   space 116224K, 0% used [0x00000000f1d00000,0x00000000f1d00000,0x00000000f8e80000)
 ParOldGen       total 699392K, used 647469K [0x00000000c0000000, 0x00000000eab00000, 0x00000000eab00000)
  object space 699392K, 92% used [0x00000000c0000000,0x00000000e784b668,0x00000000eab00000)
 Metaspace       used 22988K, capacity 23102K, committed 23424K, reserved 1069056K
  class space    used 2756K, capacity 2815K, committed 2944K, reserved 1048576K
Event: 203.699 GC heap after
Heap after GC invocations=101 (full 57):
 PSYoungGen      total 232960K, used 0K [0x00000000eab00000, 0x0000000100000000, 0x0000000100000000)
  eden space 116736K, 0% used [0x00000000eab00000,0x00000000eab00000,0x00000000f1d00000)
  from space 116224K, 0% used [0x00000000f8e80000,0x00000000f8e80000,0x0000000100000000)
  to   space 116224K, 0% used [0x00000000f1d00000,0x00000000f1d00000,0x00000000f8e80000)
 ParOldGen       total 699392K, used 648929K [0x00000000c0000000, 0x00000000eab00000, 0x00000000eab00000)
  object space 699392K, 92% used [0x00000000c0000000,0x00000000e79b8600,0x00000000eab00000)
 Metaspace       used 22988K, capacity 23102K, committed 23424K, reserved 1069056K
  class space    used 2756K, capacity 2815K, committed 2944K, reserved 1048576K
}
Event: 203.888 GC heap before
{Heap before GC invocations=102 (full 58):
 PSYoungGen      total 232960K, used 116736K [0x00000000eab00000, 0x0000000100000000, 0x0000000100000000)
  eden space 116736K, 100% used [0x00000000eab00000,0x00000000f1d00000,0x00000000f1d00000)
  from space 116224K, 0% used [0x00000000f8e80000,0x00000000f8e80000,0x0000000100000000)
  to   space 116224K, 0% used [0x00000000f1d00000,0x00000000f1d00000,0x00000000f8e80000)
 ParOldGen       total 699392K, used 648929K [0x00000000c0000000, 0x00000000eab00000, 0x00000000eab00000)
  object space 699392K, 92% used [0x00000000c0000000,0x00000000e79b8600,0x00000000eab00000)
 Metaspace       used 22999K, capacity 23102K, committed 23424K, reserved 1069056K
  class space    used 2756K, capacity 2815K, committed 2944K, reserved 1048576K
Event: 205.655 GC heap after
Heap after GC invocations=102 (full 58):
 PSYoungGen      total 232960K, used 0K [0x00000000eab00000, 0x0000000100000000, 0x0000000100000000)
  eden space 116736K, 0% used [0x00000000eab00000,0x00000000eab00000,0x00000000f1d00000)
  from space 116224K, 0% used [0x00000000f8e80000,0x00000000f8e80000,0x0000000100000000)
  to   space 116224K, 0% used [0x00000000f1d00000,0x00000000f1d00000,0x00000000f8e80000)
 ParOldGen       total 699392K, used 651618K [0x00000000c0000000, 0x00000000eab00000, 0x00000000eab00000)
  object space 699392K, 93% used [0x00000000c0000000,0x00000000e7c58860,0x00000000eab00000)
 Metaspace       used 22999K, capacity 23102K, committed 23424K, reserved 1069056K
  class space    used 2756K, capacity 2815K, committed 2944K, reserved 1048576K
}

