# JRE version: OpenJDK Runtime Environment (8.0_76-b03) (build 1.8.0_76-release-b03)
# Java VM: OpenJDK 64-Bit Server VM (25.76-b03 mixed mode windows-amd64 compressed oops)
Heap:
 PSYoungGen      total 197632K, used 71654K [0x00000000eab00000, 0x00000000f9c80000, 0x0000000100000000)
  eden space 177664K, 30% used [0x00000000eab00000,0x00000000ee091960,0x00000000f5880000)
  from space 19968K, 84% used [0x00000000f6d00000,0x00000000f7d68040,0x00000000f8080000)
  to   space 20992K, 0% used [0x00000000f5880000,0x00000000f5880000,0x00000000f6d00000)
 ParOldGen       total 128512K, used 82407K [0x00000000c0000000, 0x00000000c7d80000, 0x00000000eab00000)
  object space 128512K, 64% used [0x00000000c0000000,0x00000000c5079da8,0x00000000c7d80000)
 Metaspace       used 21161K, capacity 21328K, committed 21632K, reserved 1069056K
  class space    used 2533K, capacity 2610K, committed 2688K, reserved 1048576K
GC Heap History (10 events):
Event: 11.400 GC heap before
{Heap before GC invocations=14 (full 1):
 PSYoungGen      total 136704K, used 136638K [0x00000000eab00000, 0x00000000f5e00000, 0x0000000100000000)
  eden space 129024K, 100% used [0x00000000eab00000,0x00000000f2900000,0x00000000f2900000)
  from space 7680K, 99% used [0x00000000f5680000,0x00000000f5defb48,0x00000000f5e00000)
  to   space 19968K, 0% used [0x00000000f3700000,0x00000000f3700000,0x00000000f4a80000)
 ParOldGen       total 79360K, used 44948K [0x00000000c0000000, 0x00000000c4d80000, 0x00000000eab00000)
  object space 79360K, 56% used [0x00000000c0000000,0x00000000c2be5310,0x00000000c4d80000)
 Metaspace       used 21032K, capacity 21200K, committed 21376K, reserved 1069056K
  class space    used 2528K, capacity 2610K, committed 2688K, reserved 1048576K
Event: 11.443 GC heap after
Heap after GC invocations=14 (full 1):
 PSYoungGen      total 163328K, used 11552K [0x00000000eab00000, 0x00000000f8080000, 0x0000000100000000)
  eden space 143360K, 0% used [0x00000000eab00000,0x00000000eab00000,0x00000000f3700000)
  from space 19968K, 57% used [0x00000000f3700000,0x00000000f4248040,0x00000000f4a80000)
  to   space 19968K, 0% used [0x00000000f6d00000,0x00000000f6d00000,0x00000000f8080000)
 ParOldGen       total 79360K, used 49468K [0x00000000c0000000, 0x00000000c4d80000, 0x00000000eab00000)
  object space 79360K, 62% used [0x00000000c0000000,0x00000000c304f320,0x00000000c4d80000)
 Metaspace       used 21032K, capacity 21200K, committed 21376K, reserved 1069056K
  class space    used 2528K, capacity 2610K, committed 2688K, reserved 1048576K
}
Event: 11.852 GC heap before
{Heap before GC invocations=15 (full 1):
 PSYoungGen      total 163328K, used 154912K [0x00000000eab00000, 0x00000000f8080000, 0x0000000100000000)
  eden space 143360K, 100% used [0x00000000eab00000,0x00000000f3700000,0x00000000f3700000)
  from space 19968K, 57% used [0x00000000f3700000,0x00000000f4248040,0x00000000f4a80000)
  to   space 19968K, 0% used [0x00000000f6d00000,0x00000000f6d00000,0x00000000f8080000)
 ParOldGen       total 79360K, used 49468K [0x00000000c0000000, 0x00000000c4d80000, 0x00000000eab00000)
  object space 79360K, 62% used [0x00000000c0000000,0x00000000c304f320,0x00000000c4d80000)
 Metaspace       used 21043K, capacity 21200K, committed 21376K, reserved 1069056K
  class space    used 2528K, capacity 2610K, committed 2688K, reserved 1048576K
Event: 11.919 GC heap after
Heap after GC invocations=15 (full 1):
 PSYoungGen      total 197632K, used 14400K [0x00000000eab00000, 0x00000000f9c80000, 0x0000000100000000)
  eden space 177664K, 0% used [0x00000000eab00000,0x00000000eab00000,0x00000000f5880000)
  from space 19968K, 72% used [0x00000000f6d00000,0x00000000f7b10010,0x00000000f8080000)
  to   space 20992K, 0% used [0x00000000f5880000,0x00000000f5880000,0x00000000f6d00000)
 ParOldGen       total 79360K, used 60076K [0x00000000c0000000, 0x00000000c4d80000, 0x00000000eab00000)
  object space 79360K, 75% used [0x00000000c0000000,0x00000000c3aab360,0x00000000c4d80000)
 Metaspace       used 21043K, capacity 21200K, committed 21376K, reserved 1069056K
  class space    used 2528K, capacity 2610K, committed 2688K, reserved 1048576K
}
Event: 12.567 GC heap before
{Heap before GC invocations=16 (full 1):
 PSYoungGen      total 197632K, used 192064K [0x00000000eab00000, 0x00000000f9c80000, 0x0000000100000000)
  eden space 177664K, 100% used [0x00000000eab00000,0x00000000f5880000,0x00000000f5880000)
  from space 19968K, 72% used [0x00000000f6d00000,0x00000000f7b10010,0x00000000f8080000)
  to   space 20992K, 0% used [0x00000000f5880000,0x00000000f5880000,0x00000000f6d00000)
 ParOldGen       total 79360K, used 60091K [0x00000000c0000000, 0x00000000c4d80000, 0x00000000eab00000)
  object space 79360K, 75% used [0x00000000c0000000,0x00000000c3aaef98,0x00000000c4d80000)
 Metaspace       used 21060K, capacity 21264K, committed 21376K, reserved 1069056K
  class space    used 2528K, capacity 2610K, committed 2688K, reserved 1048576K
Event: 12.722 GC heap after
Heap after GC invocations=16 (full 1):
 PSYoungGen      total 198656K, used 18784K [0x00000000eab00000, 0x00000000f9c80000, 0x0000000100000000)
  eden space 177664K, 0% used [0x00000000eab00000,0x00000000eab00000,0x00000000f5880000)
  from space 20992K, 89% used [0x00000000f5880000,0x00000000f6ad8010,0x00000000f6d00000)
  to   space 19968K, 0% used [0x00000000f6d00000,0x00000000f6d00000,0x00000000f8080000)
 ParOldGen       total 79360K, used 73399K [0x00000000c0000000, 0x00000000c4d80000, 0x00000000eab00000)
  object space 79360K, 92% used [0x00000000c0000000,0x00000000c47adfe8,0x00000000c4d80000)
 Metaspace       used 21060K, capacity 21264K, committed 21376K, reserved 1069056K
  class space    used 2528K, capacity 2610K, committed 2688K, reserved 1048576K
}
Event: 12.722 GC heap before
{Heap before GC invocations=17 (full 2):
 PSYoungGen      total 198656K, used 18784K [0x00000000eab00000, 0x00000000f9c80000, 0x0000000100000000)
  eden space 177664K, 0% used [0x00000000eab00000,0x00000000eab00000,0x00000000f5880000)
  from space 20992K, 89% used [0x00000000f5880000,0x00000000f6ad8010,0x00000000f6d00000)
  to   space 19968K, 0% used [0x00000000f6d00000,0x00000000f6d00000,0x00000000f8080000)
 ParOldGen       total 79360K, used 73399K [0x00000000c0000000, 0x00000000c4d80000, 0x00000000eab00000)
  object space 79360K, 92% used [0x00000000c0000000,0x00000000c47adfe8,0x00000000c4d80000)
 Metaspace       used 21060K, capacity 21264K, committed 21376K, reserved 1069056K
  class space    used 2528K, capacity 2610K, committed 2688K, reserved 1048576K
Event: 13.412 GC heap after
Heap after GC invocations=17 (full 2):
 PSYoungGen      total 198656K, used 4869K [0x00000000eab00000, 0x00000000f9c80000, 0x0000000100000000)
  eden space 177664K, 0% used [0x00000000eab00000,0x00000000eab00000,0x00000000f5880000)
  from space 20992K, 23% used [0x00000000f5880000,0x00000000f5d416b0,0x00000000f6d00000)
  to   space 19968K, 0% used [0x00000000f6d00000,0x00000000f6d00000,0x00000000f8080000)
 ParOldGen       total 128512K, used 78548K [0x00000000c0000000, 0x00000000c7d80000, 0x00000000eab00000)
  object space 128512K, 61% used [0x00000000c0000000,0x00000000c4cb52b8,0x00000000c7d80000)
 Metaspace       used 21060K, capacity 21264K, committed 21376K, reserved 1069056K
  class space    used 2528K, capacity 2610K, committed 2688K, reserved 1048576K
}
Event: 14.243 GC heap before
{Heap before GC invocations=18 (full 2):
 PSYoungGen      total 198656K, used 182533K [0x00000000eab00000, 0x00000000f9c80000, 0x0000000100000000)
  eden space 177664K, 100% used [0x00000000eab00000,0x00000000f5880000,0x00000000f5880000)
  from space 20992K, 23% used [0x00000000f5880000,0x00000000f5d416b0,0x00000000f6d00000)
  to   space 19968K, 0% used [0x00000000f6d00000,0x00000000f6d00000,0x00000000f8080000)
 ParOldGen       total 128512K, used 78559K [0x00000000c0000000, 0x00000000c7d80000, 0x00000000eab00000)
  object space 128512K, 61% used [0x00000000c0000000,0x00000000c4cb7d98,0x00000000c7d80000)
 Metaspace       used 21061K, capacity 21264K, committed 21376K, reserved 1069056K
  class space    used 2528K, capacity 2610K, committed 2688K, reserved 1048576K
Event: 14.314 GC heap after
Heap after GC invocations=18 (full 2):
 PSYoungGen      total 197632K, used 16800K [0x00000000eab00000, 0x00000000f9c80000, 0x0000000100000000)
  eden space 177664K, 0% used [0x00000000eab00000,0x00000000eab00000,0x00000000f5880000)
  from space 19968K, 84% used [0x00000000f6d00000,0x00000000f7d68040,0x00000000f8080000)
  to   space 20992K, 0% used [0x00000000f5880000,0x00000000f5880000,0x00000000f6d00000)
 ParOldGen       total 128512K, used 82407K [0x00000000c0000000, 0x00000000c7d80000, 0x00000000eab00000)
  object space 128512K, 64% used [0x00000000c0000000,0x00000000c5079da8,0x00000000c7d80000)
 Metaspace       used 21061K, capacity 21264K, committed 21376K, reserved 1069056K
  class space    used 2528K, capacity 2610K, committed 2688K, reserved 1048576K
}

